2023/07/25  10:36:47.793  [TRACE]   MrAcqSimulationPlugin: Plugin::init(): started
2023/07/25  10:36:47.794  [TRACE]   MrAcqSimulationPlugin: SimulationServant_impl::SimulationServant_impl(): started/finished
2023/07/25  10:36:47.794  [TRACE]   MrAcqSimulationPlugin: Plugin::init(): return true
2023/07/25  10:36:47.794  [TRACE]   MrAcqSimulationPlugin: Plugin::afterStart(): started
2023/07/25  10:36:47.794  [TRACE]   MrAcqSimulationPlugin: Plugin::afterStart(): return true
2023/07/25  10:36:47.794  [INFO]    MxiAcqRecoPlugin: Plugin::init(): run 'gsauto -psMode 65 -prototypeMode 0 -adjName Reference Power -procnoPath /opt/nmrdata/PV-360.3.4/data/pciuser/20230725_101641_Eppendorf_Difussion_scaffold_d2o_1_1/5/pdata/1 -serverName MxiAcqReco_2.16.756.5.5.200.8323328.16536.1690273946.1783_82049_596380002_65 -logSeverityLevel SL_INFO ')
2023/07/25  10:36:49.700  [INFO]    MxiAcqRecoPlugin: AcqClient::getMessageCorba(): return 1. Message kind 'Show_status': pulse program in compilation
2023/07/25  10:36:51.196  [INFO]    MxiAcqRecoPlugin: AcqClient::getMessageCorba(): return 1. Message kind 'Show_status': loading TRX2
2023/07/25  10:36:51.236  [INFO]    MxiAcqRecoPlugin: AcqClient::getMessageCorba(): return 1. Message kind 'Show_status': prepare Gradients for Gradient Controller
2023/07/25  10:36:53.402  [INFO]    MxiAcqRecoPlugin: AcqClient::getMessageCorba(): return 1. Message kind 'Show_status': Loading AQS Rack
2023/07/25  10:36:53.402  [INFO]    MxiAcqRecoPlugin: AcqClient::getMessageCorba(): return 1. Message kind 'Show_status': Load GTU and TRX
2023/07/25  10:36:54.549  [INFO]    MxiAcqRecoPlugin: AcqClient::getMessageCorba(): return 1. Message kind 'Show_status': Connect to TCubeConServer1
2023/07/25  10:36:56.627  [INFO]    MxiAcqRecoPlugin: AcqClient::getMessageCorba(): return 1. Message kind 'Show_status': Connect to GCubeConServer1
2023/07/25  10:36:58.629  [INFO]    MxiAcqRecoPlugin: AcqClient::getMessageCorba(): return 1. Message kind 'Show_status': Connect to FCubeConServer2
2023/07/25  10:36:58.754  [INFO]    MxiAcqRecoPlugin: AcqClient::getMessageCorba(): return 1. Message kind 'Show_status': Start GTU and TRX
2023/07/25  10:36:59.898  [INFO]    MxiAcqRecoPlugin: AcqClient::getMessageCorba(): return 1. Message kind 'Show_status': automatic adjustment in progress
2023/07/25  10:36:59.899  [INFO]    MxiAcqRecoPlugin: AcqClient::getMessageCorba(): return 1. Message kind 'Show_status': acquisition started
2023/07/25  10:37:09.900  [INFO]    MxiAcqRecoPlugin: AcqClient::getMessageCorba(): return 1. Message kind 'Empty': 
2023/07/25  10:37:19.901  [INFO]    MxiAcqRecoPlugin: AcqClient::getMessageCorba(): return 1. Message kind 'Empty': 
2023/07/25  10:37:29.901  [INFO]    MxiAcqRecoPlugin: AcqClient::getMessageCorba(): return 1. Message kind 'Empty': 
2023/07/25  10:37:31.122  [INFO]    MxiAcqRecoPlugin: AcqClient::getMessageCorba(): return 1. Message kind 'Sendgui': statusparsmodified
2023/07/25  10:37:31.465  [INFO]    MxiAcqRecoPlugin: AcqClient::getMessageCorba(): return 1. Message kind 'Show_status': acquisition  finished 
2023/07/25  10:37:31.468  [INFO]    MxiAcqRecoPlugin: AcqClient::getMessageCorba(): return 0. Message kind 'TerminateNormal': 
2023/07/25  10:37:31.779  [ERROR]   MxiAcqRecoPlugin: Manager::waitForFinish(): shouldRunThread: The adjustment 'Reference Power' did not converge.
2023/07/25  10:37:31.781  [INFO]    MxiAcqRecoPlugin: Plugin::beforeStop(): finished
2023/07/25  10:37:31.781  [ERROR]   MxiAcqReco_2.16.756.5.5.200.8323328.16536.1690273946.1783_82049_596380002_65: Error in beforeStop() callback for plugin "MxiAcqRecoPlugin"
2023/07/25  10:37:31.783  [TRACE]   MrAcqSimulationPlugin: Plugin::beforeStop(): started
2023/07/25  10:37:31.783  [TRACE]   MrAcqSimulationPlugin: Plugin::beforeStop(): return true
2023/07/25  10:37:31.785  [TRACE]   MrAcqSimulationPlugin: SimulationServant_impl::~SimulationServant_impl(): started/finished
