2023/07/25  11:43:47.211  [TRACE]   MrAcqSimulationPlugin: Plugin::init(): started
2023/07/25  11:43:47.211  [TRACE]   MrAcqSimulationPlugin: SimulationServant_impl::SimulationServant_impl(): started/finished
2023/07/25  11:43:47.211  [TRACE]   MrAcqSimulationPlugin: Plugin::init(): return true
2023/07/25  11:43:47.212  [TRACE]   MrAcqSimulationPlugin: Plugin::afterStart(): started
2023/07/25  11:43:47.212  [TRACE]   MrAcqSimulationPlugin: Plugin::afterStart(): return true
2023/07/25  11:43:47.212  [INFO]    MxiAcqRecoPlugin: Plugin::init(): run 'gsauto -psMode 65 -prototypeMode 0 -adjName Receiver Gain -procnoPath /opt/nmrdata/PV-360.3.4/data/pciuser/20230725_101641_Eppendorf_Difussion_scaffold_d2o_1_1/17/pdata/1 -serverName MxiAcqReco_2.16.756.5.5.200.8323328.16536.1690277302.2534_82049_596384232_65 -logSeverityLevel SL_INFO ')
2023/07/25  11:43:47.383  [INFO]    MxiAcqRecoPlugin: AcqClient::getMessageCorba(): return 1. Message kind 'Show_status': pulse program in compilation
2023/07/25  11:43:48.590  [INFO]    MxiAcqRecoPlugin: AcqClient::getMessageCorba(): return 1. Message kind 'Show_status': loading TRX2
2023/07/25  11:43:48.607  [INFO]    MxiAcqRecoPlugin: AcqClient::getMessageCorba(): return 1. Message kind 'Show_status': prepare Gradients for Gradient Controller
2023/07/25  11:43:48.791  [INFO]    MxiAcqRecoPlugin: AcqClient::getMessageCorba(): return 1. Message kind 'Show_status': Loading AQS Rack
2023/07/25  11:43:48.793  [INFO]    MxiAcqRecoPlugin: AcqClient::getMessageCorba(): return 1. Message kind 'Show_status': Load GTU and TRX
2023/07/25  11:43:48.912  [INFO]    MxiAcqRecoPlugin: AcqClient::getMessageCorba(): return 1. Message kind 'Show_status': Start GTU and TRX
2023/07/25  11:43:48.967  [INFO]    MxiAcqRecoPlugin: AcqClient::getMessageCorba(): return 1. Message kind 'Show_status': automatic adjustment in progress
2023/07/25  11:43:49.133  [INFO]    MxiAcqRecoPlugin: AcqClient::getMessageCorba(): return 1. Message kind 'Show_status': acquisition started
2023/07/25  11:43:50.042  [INFO]    MxiAcqRecoPlugin: AcqClient::getMessageCorba(): return 1. Message kind 'Sendgui': statusparsmodified
2023/07/25  11:43:50.204  [INFO]    MxiAcqRecoPlugin: AcqClient::getMessageCorba(): return 1. Message kind 'Show_status': acquisition  finished 
2023/07/25  11:43:50.206  [INFO]    MxiAcqRecoPlugin: AcqClient::getMessageCorba(): return 0. Message kind 'TerminateNormal': 
2023/07/25  11:43:50.212  [INFO]    MxiAcqRecoPlugin: Plugin::beforeStop(): finished
2023/07/25  11:43:50.214  [TRACE]   MrAcqSimulationPlugin: Plugin::beforeStop(): started
2023/07/25  11:43:50.214  [TRACE]   MrAcqSimulationPlugin: Plugin::beforeStop(): return true
2023/07/25  11:43:50.216  [TRACE]   MrAcqSimulationPlugin: SimulationServant_impl::~SimulationServant_impl(): started/finished
2023/07/25  11:43:50.677  [TRACE]   MrAcqSimulationPlugin: Plugin::init(): started
2023/07/25  11:43:50.677  [TRACE]   MrAcqSimulationPlugin: SimulationServant_impl::SimulationServant_impl(): started/finished
2023/07/25  11:43:50.677  [TRACE]   MrAcqSimulationPlugin: Plugin::init(): return true
2023/07/25  11:43:50.677  [TRACE]   MrAcqSimulationPlugin: Plugin::afterStart(): started
2023/07/25  11:43:50.677  [TRACE]   MrAcqSimulationPlugin: Plugin::afterStart(): return true
2023/07/25  11:43:50.677  [INFO]    MxiAcqRecoPlugin: Plugin::init(): run 'gop -psMode 65 -prototypeMode 0 -procnoPath /opt/nmrdata/PV-360.3.4/data/pciuser/20230725_101641_Eppendorf_Difussion_scaffold_d2o_1_1/17/pdata/1 -serverName MxiAcqReco_2.16.756.5.5.200.8323328.16536.1690277302.2534_82049_596384232_65 -logSeverityLevel SL_INFO ')
2023/07/25  11:43:50.862  [INFO]    MxiAcqRecoPlugin: AcqClient::getMessageCorba(): return 1. Message kind 'Show_status': pulse program in compilation
2023/07/25  11:43:52.196  [INFO]    MxiAcqRecoPlugin: AcqClient::getMessageCorba(): return 1. Message kind 'Show_status': loading TRX2
2023/07/25  11:43:52.212  [INFO]    MxiAcqRecoPlugin: AcqClient::getMessageCorba(): return 1. Message kind 'Show_status': prepare Gradients for Gradient Controller
2023/07/25  11:43:52.397  [INFO]    MxiAcqRecoPlugin: AcqClient::getMessageCorba(): return 1. Message kind 'Show_status': Loading AQS Rack
2023/07/25  11:43:52.398  [INFO]    MxiAcqRecoPlugin: AcqClient::getMessageCorba(): return 1. Message kind 'Show_status': Load GTU and TRX
2023/07/25  11:43:52.512  [INFO]    MxiAcqRecoPlugin: AcqClient::getMessageCorba(): return 1. Message kind 'Show_status': Start GTU and TRX
2023/07/25  11:43:52.564  [INFO]    MxiAcqRecoPlugin: AcqClient::getMessageCorba(): return 1. Message kind 'Show_status': acquisition in progress
2023/07/25  11:43:52.749  [INFO]    MxiAcqRecoPlugin: AcqClient::getMessageCorba(): return 1. Message kind 'Show_status': acquisition started
2023/07/25  11:44:02.750  [INFO]    MxiAcqRecoPlugin: AcqClient::getMessageCorba(): return 1. Message kind 'Empty': 
2023/07/25  11:44:12.751  [INFO]    MxiAcqRecoPlugin: AcqClient::getMessageCorba(): return 1. Message kind 'Empty': 
2023/07/25  11:44:22.752  [INFO]    MxiAcqRecoPlugin: AcqClient::getMessageCorba(): return 1. Message kind 'Empty': 
2023/07/25  11:44:32.753  [INFO]    MxiAcqRecoPlugin: AcqClient::getMessageCorba(): return 1. Message kind 'Empty': 
2023/07/25  11:44:42.754  [INFO]    MxiAcqRecoPlugin: AcqClient::getMessageCorba(): return 1. Message kind 'Empty': 
2023/07/25  11:44:52.755  [INFO]    MxiAcqRecoPlugin: AcqClient::getMessageCorba(): return 1. Message kind 'Empty': 
2023/07/25  11:45:02.756  [INFO]    MxiAcqRecoPlugin: AcqClient::getMessageCorba(): return 1. Message kind 'Empty': 
2023/07/25  11:45:12.757  [INFO]    MxiAcqRecoPlugin: AcqClient::getMessageCorba(): return 1. Message kind 'Empty': 
2023/07/25  11:45:22.758  [INFO]    MxiAcqRecoPlugin: AcqClient::getMessageCorba(): return 1. Message kind 'Empty': 
2023/07/25  11:45:32.759  [INFO]    MxiAcqRecoPlugin: AcqClient::getMessageCorba(): return 1. Message kind 'Empty': 
2023/07/25  11:45:42.760  [INFO]    MxiAcqRecoPlugin: AcqClient::getMessageCorba(): return 1. Message kind 'Empty': 
2023/07/25  11:45:52.760  [INFO]    MxiAcqRecoPlugin: AcqClient::getMessageCorba(): return 1. Message kind 'Empty': 
2023/07/25  11:46:02.762  [INFO]    MxiAcqRecoPlugin: AcqClient::getMessageCorba(): return 1. Message kind 'Empty': 
2023/07/25  11:46:12.762  [INFO]    MxiAcqRecoPlugin: AcqClient::getMessageCorba(): return 1. Message kind 'Empty': 
2023/07/25  11:46:22.763  [INFO]    MxiAcqRecoPlugin: AcqClient::getMessageCorba(): return 1. Message kind 'Empty': 
2023/07/25  11:46:32.764  [INFO]    MxiAcqRecoPlugin: AcqClient::getMessageCorba(): return 1. Message kind 'Empty': 
2023/07/25  11:46:42.765  [INFO]    MxiAcqRecoPlugin: AcqClient::getMessageCorba(): return 1. Message kind 'Empty': 
2023/07/25  11:46:52.766  [INFO]    MxiAcqRecoPlugin: AcqClient::getMessageCorba(): return 1. Message kind 'Empty': 
2023/07/25  11:47:02.767  [INFO]    MxiAcqRecoPlugin: AcqClient::getMessageCorba(): return 1. Message kind 'Empty': 
2023/07/25  11:47:12.768  [INFO]    MxiAcqRecoPlugin: AcqClient::getMessageCorba(): return 1. Message kind 'Empty': 
2023/07/25  11:47:22.769  [INFO]    MxiAcqRecoPlugin: AcqClient::getMessageCorba(): return 1. Message kind 'Empty': 
2023/07/25  11:47:32.770  [INFO]    MxiAcqRecoPlugin: AcqClient::getMessageCorba(): return 1. Message kind 'Empty': 
2023/07/25  11:47:41.413  [INFO]    MxiAcqRecoPlugin: AcqClient::getMessageCorba(): return 1. Message kind 'Sendgui': statusparsmodified
2023/07/25  11:47:41.561  [INFO]    MxiAcqRecoPlugin: AcqClient::getMessageCorba(): return 1. Message kind 'Show_status': acquisition  finished 
2023/07/25  11:47:41.567  [INFO]    MxiAcqRecoPlugin: AcqClient::getMessageCorba(): return 0. Message kind 'TerminateNormal': 
2023/07/25  11:47:41.580  [INFO]    MxiAcqRecoPlugin: Plugin::beforeStop(): finished
2023/07/25  11:47:41.583  [TRACE]   MrAcqSimulationPlugin: Plugin::beforeStop(): started
2023/07/25  11:47:41.583  [TRACE]   MrAcqSimulationPlugin: Plugin::beforeStop(): return true
2023/07/25  11:47:41.585  [TRACE]   MrAcqSimulationPlugin: SimulationServant_impl::~SimulationServant_impl(): started/finished
