2023/07/25  11:07:47.281  [TRACE]   MrAcqSimulationPlugin: Plugin::init(): started
2023/07/25  11:07:47.281  [TRACE]   MrAcqSimulationPlugin: SimulationServant_impl::SimulationServant_impl(): started/finished
2023/07/25  11:07:47.281  [TRACE]   MrAcqSimulationPlugin: Plugin::init(): return true
2023/07/25  11:07:47.282  [TRACE]   MrAcqSimulationPlugin: Plugin::afterStart(): started
2023/07/25  11:07:47.282  [TRACE]   MrAcqSimulationPlugin: Plugin::afterStart(): return true
2023/07/25  11:07:47.282  [INFO]    MxiAcqRecoPlugin: Plugin::init(): run 'gsauto -psMode 65 -prototypeMode 0 -adjName Receiver Gain -procnoPath /opt/nmrdata/PV-360.3.4/data/pciuser/20230725_101641_Eppendorf_Difussion_scaffold_d2o_1_1/9/pdata/1 -serverName MxiAcqReco_2.16.756.5.5.200.8323328.16536.1690276055.2124_82049_596382892_65 -logSeverityLevel SL_INFO ')
2023/07/25  11:07:47.480  [INFO]    MxiAcqRecoPlugin: AcqClient::getMessageCorba(): return 1. Message kind 'Show_status': pulse program in compilation
2023/07/25  11:07:48.813  [INFO]    MxiAcqRecoPlugin: AcqClient::getMessageCorba(): return 1. Message kind 'Show_status': loading TRX2
2023/07/25  11:07:48.838  [INFO]    MxiAcqRecoPlugin: AcqClient::getMessageCorba(): return 1. Message kind 'Show_status': prepare Gradients for Gradient Controller
2023/07/25  11:07:49.027  [INFO]    MxiAcqRecoPlugin: AcqClient::getMessageCorba(): return 1. Message kind 'Show_status': Loading AQS Rack
2023/07/25  11:07:49.029  [INFO]    MxiAcqRecoPlugin: AcqClient::getMessageCorba(): return 1. Message kind 'Show_status': Load GTU and TRX
2023/07/25  11:07:49.148  [INFO]    MxiAcqRecoPlugin: AcqClient::getMessageCorba(): return 1. Message kind 'Show_status': Start GTU and TRX
2023/07/25  11:07:50.206  [INFO]    MxiAcqRecoPlugin: AcqClient::getMessageCorba(): return 1. Message kind 'Show_status': automatic adjustment in progress
2023/07/25  11:07:50.207  [INFO]    MxiAcqRecoPlugin: AcqClient::getMessageCorba(): return 1. Message kind 'Show_status': acquisition started
2023/07/25  11:07:50.819  [INFO]    MxiAcqRecoPlugin: AcqClient::getMessageCorba(): return 1. Message kind 'Sendgui': statusparsmodified
2023/07/25  11:07:50.980  [INFO]    MxiAcqRecoPlugin: AcqClient::getMessageCorba(): return 1. Message kind 'Show_status': acquisition  finished 
2023/07/25  11:07:50.983  [INFO]    MxiAcqRecoPlugin: AcqClient::getMessageCorba(): return 0. Message kind 'TerminateNormal': 
2023/07/25  11:07:50.988  [INFO]    MxiAcqRecoPlugin: Plugin::beforeStop(): finished
2023/07/25  11:07:50.991  [TRACE]   MrAcqSimulationPlugin: Plugin::beforeStop(): started
2023/07/25  11:07:50.991  [TRACE]   MrAcqSimulationPlugin: Plugin::beforeStop(): return true
2023/07/25  11:07:50.992  [TRACE]   MrAcqSimulationPlugin: SimulationServant_impl::~SimulationServant_impl(): started/finished
2023/07/25  11:07:51.454  [TRACE]   MrAcqSimulationPlugin: Plugin::init(): started
2023/07/25  11:07:51.454  [TRACE]   MrAcqSimulationPlugin: SimulationServant_impl::SimulationServant_impl(): started/finished
2023/07/25  11:07:51.454  [TRACE]   MrAcqSimulationPlugin: Plugin::init(): return true
2023/07/25  11:07:51.455  [TRACE]   MrAcqSimulationPlugin: Plugin::afterStart(): started
2023/07/25  11:07:51.455  [TRACE]   MrAcqSimulationPlugin: Plugin::afterStart(): return true
2023/07/25  11:07:51.455  [INFO]    MxiAcqRecoPlugin: Plugin::init(): run 'gop -psMode 65 -prototypeMode 0 -procnoPath /opt/nmrdata/PV-360.3.4/data/pciuser/20230725_101641_Eppendorf_Difussion_scaffold_d2o_1_1/9/pdata/1 -serverName MxiAcqReco_2.16.756.5.5.200.8323328.16536.1690276055.2124_82049_596382892_65 -logSeverityLevel SL_INFO ')
2023/07/25  11:07:51.644  [INFO]    MxiAcqRecoPlugin: AcqClient::getMessageCorba(): return 1. Message kind 'Show_status': pulse program in compilation
2023/07/25  11:07:53.072  [INFO]    MxiAcqRecoPlugin: AcqClient::getMessageCorba(): return 1. Message kind 'Show_status': loading TRX2
2023/07/25  11:07:53.098  [INFO]    MxiAcqRecoPlugin: AcqClient::getMessageCorba(): return 1. Message kind 'Show_status': prepare Gradients for Gradient Controller
2023/07/25  11:07:53.287  [INFO]    MxiAcqRecoPlugin: AcqClient::getMessageCorba(): return 1. Message kind 'Show_status': Loading AQS Rack
2023/07/25  11:07:53.288  [INFO]    MxiAcqRecoPlugin: AcqClient::getMessageCorba(): return 1. Message kind 'Show_status': Load GTU and TRX
2023/07/25  11:07:53.408  [INFO]    MxiAcqRecoPlugin: AcqClient::getMessageCorba(): return 1. Message kind 'Show_status': Start GTU and TRX
2023/07/25  11:07:53.429  [INFO]    MxiAcqRecoPlugin: AcqClient::getMessageCorba(): return 1. Message kind 'Show_status': acquisition in progress
2023/07/25  11:07:54.024  [INFO]    MxiAcqRecoPlugin: AcqClient::getMessageCorba(): return 1. Message kind 'Show_status': acquisition started
2023/07/25  11:08:04.025  [INFO]    MxiAcqRecoPlugin: AcqClient::getMessageCorba(): return 1. Message kind 'Empty': 
2023/07/25  11:08:14.026  [INFO]    MxiAcqRecoPlugin: AcqClient::getMessageCorba(): return 1. Message kind 'Empty': 
2023/07/25  11:08:24.027  [INFO]    MxiAcqRecoPlugin: AcqClient::getMessageCorba(): return 1. Message kind 'Empty': 
2023/07/25  11:08:26.595  [INFO]    MxiAcqRecoPlugin: AcqClient::getMessageCorba(): return 1. Message kind 'Sendgui': statusparsmodified
2023/07/25  11:08:26.737  [INFO]    MxiAcqRecoPlugin: AcqClient::getMessageCorba(): return 1. Message kind 'Show_status': acquisition  finished 
2023/07/25  11:08:26.744  [INFO]    MxiAcqRecoPlugin: AcqClient::getMessageCorba(): return 0. Message kind 'TerminateNormal': 
2023/07/25  11:08:26.758  [INFO]    MxiAcqRecoPlugin: Plugin::beforeStop(): finished
2023/07/25  11:08:26.760  [TRACE]   MrAcqSimulationPlugin: Plugin::beforeStop(): started
2023/07/25  11:08:26.760  [TRACE]   MrAcqSimulationPlugin: Plugin::beforeStop(): return true
2023/07/25  11:08:26.762  [TRACE]   MrAcqSimulationPlugin: SimulationServant_impl::~SimulationServant_impl(): started/finished
