2023/07/25  12:54:47.970  [TRACE]   MrAcqSimulationPlugin: Plugin::init(): started
2023/07/25  12:54:47.970  [TRACE]   MrAcqSimulationPlugin: SimulationServant_impl::SimulationServant_impl(): started/finished
2023/07/25  12:54:47.970  [TRACE]   MrAcqSimulationPlugin: Plugin::init(): return true
2023/07/25  12:54:47.970  [TRACE]   MrAcqSimulationPlugin: Plugin::afterStart(): started
2023/07/25  12:54:47.970  [TRACE]   MrAcqSimulationPlugin: Plugin::afterStart(): return true
2023/07/25  12:54:47.970  [INFO]    MxiAcqRecoPlugin: Plugin::init(): run 'gsauto -psMode 65 -prototypeMode 0 -adjName Receiver Gain -procnoPath /opt/nmrdata/PV-360.3.4/data/pciuser/20230725_101641_Eppendorf_Difussion_scaffold_d2o_1_1/35/pdata/1 -serverName MxiAcqReco_2.16.756.5.5.200.8323328.16536.1690277928.2755_82049_596386112_65 -logSeverityLevel SL_INFO ')
2023/07/25  12:54:48.156  [INFO]    MxiAcqRecoPlugin: AcqClient::getMessageCorba(): return 1. Message kind 'Show_status': pulse program in compilation
2023/07/25  12:54:49.425  [INFO]    MxiAcqRecoPlugin: AcqClient::getMessageCorba(): return 1. Message kind 'Show_status': loading TRX2
2023/07/25  12:54:49.455  [INFO]    MxiAcqRecoPlugin: AcqClient::getMessageCorba(): return 1. Message kind 'Show_status': prepare Gradients for Gradient Controller
2023/07/25  12:54:49.675  [INFO]    MxiAcqRecoPlugin: AcqClient::getMessageCorba(): return 1. Message kind 'Show_status': Loading AQS Rack
2023/07/25  12:54:49.677  [INFO]    MxiAcqRecoPlugin: AcqClient::getMessageCorba(): return 1. Message kind 'Show_status': Load GTU and TRX
2023/07/25  12:54:49.791  [INFO]    MxiAcqRecoPlugin: AcqClient::getMessageCorba(): return 1. Message kind 'Show_status': Start GTU and TRX
2023/07/25  12:54:49.847  [INFO]    MxiAcqRecoPlugin: AcqClient::getMessageCorba(): return 1. Message kind 'Show_status': automatic adjustment in progress
2023/07/25  12:54:50.011  [INFO]    MxiAcqRecoPlugin: AcqClient::getMessageCorba(): return 1. Message kind 'Show_status': acquisition started
2023/07/25  12:54:50.921  [INFO]    MxiAcqRecoPlugin: AcqClient::getMessageCorba(): return 1. Message kind 'Sendgui': statusparsmodified
2023/07/25  12:54:51.074  [INFO]    MxiAcqRecoPlugin: AcqClient::getMessageCorba(): return 1. Message kind 'Show_status': acquisition  finished 
2023/07/25  12:54:51.076  [INFO]    MxiAcqRecoPlugin: AcqClient::getMessageCorba(): return 0. Message kind 'TerminateNormal': 
2023/07/25  12:54:51.082  [INFO]    MxiAcqRecoPlugin: Plugin::beforeStop(): finished
2023/07/25  12:54:51.084  [TRACE]   MrAcqSimulationPlugin: Plugin::beforeStop(): started
2023/07/25  12:54:51.084  [TRACE]   MrAcqSimulationPlugin: Plugin::beforeStop(): return true
2023/07/25  12:54:51.085  [TRACE]   MrAcqSimulationPlugin: SimulationServant_impl::~SimulationServant_impl(): started/finished
2023/07/25  12:54:51.561  [TRACE]   MrAcqSimulationPlugin: Plugin::init(): started
2023/07/25  12:54:51.561  [TRACE]   MrAcqSimulationPlugin: SimulationServant_impl::SimulationServant_impl(): started/finished
2023/07/25  12:54:51.561  [TRACE]   MrAcqSimulationPlugin: Plugin::init(): return true
2023/07/25  12:54:51.561  [TRACE]   MrAcqSimulationPlugin: Plugin::afterStart(): started
2023/07/25  12:54:51.562  [TRACE]   MrAcqSimulationPlugin: Plugin::afterStart(): return true
2023/07/25  12:54:51.562  [INFO]    MxiAcqRecoPlugin: Plugin::init(): run 'gop -psMode 65 -prototypeMode 0 -procnoPath /opt/nmrdata/PV-360.3.4/data/pciuser/20230725_101641_Eppendorf_Difussion_scaffold_d2o_1_1/35/pdata/1 -serverName MxiAcqReco_2.16.756.5.5.200.8323328.16536.1690277928.2755_82049_596386112_65 -logSeverityLevel SL_INFO ')
2023/07/25  12:54:51.752  [INFO]    MxiAcqRecoPlugin: AcqClient::getMessageCorba(): return 1. Message kind 'Show_status': pulse program in compilation
2023/07/25  12:54:53.093  [INFO]    MxiAcqRecoPlugin: AcqClient::getMessageCorba(): return 1. Message kind 'Show_status': loading TRX2
2023/07/25  12:54:53.124  [INFO]    MxiAcqRecoPlugin: AcqClient::getMessageCorba(): return 1. Message kind 'Show_status': prepare Gradients for Gradient Controller
2023/07/25  12:54:53.333  [INFO]    MxiAcqRecoPlugin: AcqClient::getMessageCorba(): return 1. Message kind 'Show_status': Loading AQS Rack
2023/07/25  12:54:53.334  [INFO]    MxiAcqRecoPlugin: AcqClient::getMessageCorba(): return 1. Message kind 'Show_status': Load GTU and TRX
2023/07/25  12:54:53.451  [INFO]    MxiAcqRecoPlugin: AcqClient::getMessageCorba(): return 1. Message kind 'Show_status': Start GTU and TRX
2023/07/25  12:54:53.509  [INFO]    MxiAcqRecoPlugin: AcqClient::getMessageCorba(): return 1. Message kind 'Show_status': acquisition in progress
2023/07/25  12:54:53.688  [INFO]    MxiAcqRecoPlugin: AcqClient::getMessageCorba(): return 1. Message kind 'Show_status': acquisition started
2023/07/25  12:55:03.689  [INFO]    MxiAcqRecoPlugin: AcqClient::getMessageCorba(): return 1. Message kind 'Empty': 
2023/07/25  12:55:13.690  [INFO]    MxiAcqRecoPlugin: AcqClient::getMessageCorba(): return 1. Message kind 'Empty': 
2023/07/25  12:55:23.691  [INFO]    MxiAcqRecoPlugin: AcqClient::getMessageCorba(): return 1. Message kind 'Empty': 
2023/07/25  12:55:33.692  [INFO]    MxiAcqRecoPlugin: AcqClient::getMessageCorba(): return 1. Message kind 'Empty': 
2023/07/25  12:55:43.693  [INFO]    MxiAcqRecoPlugin: AcqClient::getMessageCorba(): return 1. Message kind 'Empty': 
2023/07/25  12:55:53.693  [INFO]    MxiAcqRecoPlugin: AcqClient::getMessageCorba(): return 1. Message kind 'Empty': 
2023/07/25  12:56:03.694  [INFO]    MxiAcqRecoPlugin: AcqClient::getMessageCorba(): return 1. Message kind 'Empty': 
2023/07/25  12:56:13.695  [INFO]    MxiAcqRecoPlugin: AcqClient::getMessageCorba(): return 1. Message kind 'Empty': 
2023/07/25  12:56:23.696  [INFO]    MxiAcqRecoPlugin: AcqClient::getMessageCorba(): return 1. Message kind 'Empty': 
2023/07/25  12:56:33.697  [INFO]    MxiAcqRecoPlugin: AcqClient::getMessageCorba(): return 1. Message kind 'Empty': 
2023/07/25  12:56:43.698  [INFO]    MxiAcqRecoPlugin: AcqClient::getMessageCorba(): return 1. Message kind 'Empty': 
2023/07/25  12:56:53.699  [INFO]    MxiAcqRecoPlugin: AcqClient::getMessageCorba(): return 1. Message kind 'Empty': 
2023/07/25  12:57:03.700  [INFO]    MxiAcqRecoPlugin: AcqClient::getMessageCorba(): return 1. Message kind 'Empty': 
2023/07/25  12:57:13.700  [INFO]    MxiAcqRecoPlugin: AcqClient::getMessageCorba(): return 1. Message kind 'Empty': 
2023/07/25  12:57:23.701  [INFO]    MxiAcqRecoPlugin: AcqClient::getMessageCorba(): return 1. Message kind 'Empty': 
2023/07/25  12:57:33.702  [INFO]    MxiAcqRecoPlugin: AcqClient::getMessageCorba(): return 1. Message kind 'Empty': 
2023/07/25  12:57:43.703  [INFO]    MxiAcqRecoPlugin: AcqClient::getMessageCorba(): return 1. Message kind 'Empty': 
2023/07/25  12:57:53.704  [INFO]    MxiAcqRecoPlugin: AcqClient::getMessageCorba(): return 1. Message kind 'Empty': 
2023/07/25  12:58:03.705  [INFO]    MxiAcqRecoPlugin: AcqClient::getMessageCorba(): return 1. Message kind 'Empty': 
2023/07/25  12:58:13.706  [INFO]    MxiAcqRecoPlugin: AcqClient::getMessageCorba(): return 1. Message kind 'Empty': 
2023/07/25  12:58:23.707  [INFO]    MxiAcqRecoPlugin: AcqClient::getMessageCorba(): return 1. Message kind 'Empty': 
2023/07/25  12:58:33.708  [INFO]    MxiAcqRecoPlugin: AcqClient::getMessageCorba(): return 1. Message kind 'Empty': 
2023/07/25  12:58:42.351  [INFO]    MxiAcqRecoPlugin: AcqClient::getMessageCorba(): return 1. Message kind 'Sendgui': statusparsmodified
2023/07/25  12:58:42.500  [INFO]    MxiAcqRecoPlugin: AcqClient::getMessageCorba(): return 1. Message kind 'Show_status': acquisition  finished 
2023/07/25  12:58:42.507  [INFO]    MxiAcqRecoPlugin: AcqClient::getMessageCorba(): return 0. Message kind 'TerminateNormal': 
2023/07/25  12:58:42.520  [INFO]    MxiAcqRecoPlugin: Plugin::beforeStop(): finished
2023/07/25  12:58:42.523  [TRACE]   MrAcqSimulationPlugin: Plugin::beforeStop(): started
2023/07/25  12:58:42.523  [TRACE]   MrAcqSimulationPlugin: Plugin::beforeStop(): return true
2023/07/25  12:58:42.524  [TRACE]   MrAcqSimulationPlugin: SimulationServant_impl::~SimulationServant_impl(): started/finished
